2025-07-28 20:16:03,590 - data_processing.data_integration - INFO - Starting data integration pipeline...
2025-07-28 20:16:03,590 - data_processing.data_integration - INFO - Setting up database schema...
2025-07-28 20:16:03,595 - data_processing.data_integration - INFO - Database schema setup completed
2025-07-28 20:16:03,596 - data_processing.data_integration - INFO - Creating unified dataset...
2025-07-28 20:16:03,596 - data_processing.data_integration - INFO - Integrating Project 1 data...
2025-07-28 20:16:03,597 - data_processing.data_integration - WARNING - FRED data file not found, will collect fresh data
2025-07-28 20:16:03,597 - data_processing.data_integration - WARNING - Scraping data file not found: project-1-group-3-main/scraping/US_scraping.csv
2025-07-28 20:16:03,597 - data_processing.data_integration - WARNING - Scraping data file not found: project-1-group-3-main/scraping/Japan_scraping.csv
2025-07-28 20:16:03,597 - data_processing.data_integration - INFO - Integrating Project 2 data...
2025-07-28 20:16:03,597 - data_processing.data_integration - WARNING - Combined data file not found
2025-07-28 20:16:03,597 - data_processing.data_integration - WARNING - Sentiment data file not found: project-2-group-3-main/datasets/new_news_data/us_news_sentiments.csv
2025-07-28 20:16:03,597 - data_processing.data_integration - WARNING - Sentiment data file not found: project-2-group-3-main/datasets/new_news_data/us_news.csv
2025-07-28 20:16:03,597 - data_processing.data_integration - INFO - Integrating Project 3 data...
2025-07-28 20:16:03,597 - data_processing.data_integration - WARNING - Stock data file not found: project-3-group-3-main/datasets/stock_market/nikkei_225.csv
2025-07-28 20:16:03,598 - data_processing.data_integration - WARNING - Stock data file not found: project-3-group-3-main/datasets/stock_market/S&P_500.csv
2025-07-28 20:16:03,598 - data_processing.data_integration - INFO - Integrating Project 4 data...
2025-07-28 20:16:03,598 - data_processing.data_integration - ERROR - No base data available for unification
2025-07-28 20:16:03,598 - data_processing.data_integration - ERROR - Data integration pipeline failed
2025-07-28 20:16:03,612 - api_dashboard.currency_prediction_system_simple - INFO - Starting Currency Prediction API...
2025-07-28 20:16:03,647 - werkzeug - INFO - [31m[1mWARNING: This is a development server. Do not use it in a production deployment. Use a production WSGI server instead.[0m
 * Running on all addresses (0.0.0.0)
 * Running on http://127.0.0.1:8080
 * Running on http://192.168.12.21:8080
2025-07-28 20:16:03,647 - werkzeug - INFO - [33mPress CTRL+C to quit[0m
2025-07-28 20:16:13,388 - werkzeug - INFO - 127.0.0.1 - - [28/Jul/2025 20:16:13] "GET / HTTP/1.1" 200 -
2025-07-28 20:18:23,819 - data_processing.data_integration - INFO - Starting data integration pipeline...
2025-07-28 20:18:23,819 - data_processing.data_integration - INFO - Setting up database schema...
2025-07-28 20:18:23,822 - data_processing.data_integration - INFO - Database schema setup completed
2025-07-28 20:18:23,822 - data_processing.data_integration - INFO - Creating unified dataset...
2025-07-28 20:18:23,823 - data_processing.data_integration - INFO - Integrating Project 1 data...
2025-07-28 20:18:23,823 - data_processing.data_integration - WARNING - FRED data file not found, will collect fresh data
2025-07-28 20:18:23,823 - data_processing.data_integration - WARNING - Scraping data file not found: project-1-group-3-main/scraping/US_scraping.csv
2025-07-28 20:18:23,823 - data_processing.data_integration - WARNING - Scraping data file not found: project-1-group-3-main/scraping/Japan_scraping.csv
2025-07-28 20:18:23,823 - data_processing.data_integration - INFO - Integrating Project 2 data...
2025-07-28 20:18:23,824 - data_processing.data_integration - WARNING - Combined data file not found
2025-07-28 20:18:23,824 - data_processing.data_integration - WARNING - Sentiment data file not found: project-2-group-3-main/datasets/new_news_data/us_news_sentiments.csv
2025-07-28 20:18:23,824 - data_processing.data_integration - WARNING - Sentiment data file not found: project-2-group-3-main/datasets/new_news_data/us_news.csv
2025-07-28 20:18:23,824 - data_processing.data_integration - INFO - Integrating Project 3 data...
2025-07-28 20:18:23,824 - data_processing.data_integration - WARNING - Stock data file not found: project-3-group-3-main/datasets/stock_market/nikkei_225.csv
2025-07-28 20:18:23,824 - data_processing.data_integration - WARNING - Stock data file not found: project-3-group-3-main/datasets/stock_market/S&P_500.csv
2025-07-28 20:18:23,824 - data_processing.data_integration - INFO - Integrating Project 4 data...
2025-07-28 20:18:23,825 - data_processing.data_integration - ERROR - No base data available for unification
2025-07-28 20:18:23,825 - data_processing.data_integration - ERROR - Data integration pipeline failed
2025-07-28 20:18:23,836 - api_dashboard.currency_prediction_system_simple - INFO - Starting Currency Prediction API...
2025-07-28 20:18:23,867 - werkzeug - INFO - [31m[1mWARNING: This is a development server. Do not use it in a production deployment. Use a production WSGI server instead.[0m
 * Running on all addresses (0.0.0.0)
 * Running on http://127.0.0.1:8080
 * Running on http://192.168.12.21:8080
2025-07-28 20:18:23,867 - werkzeug - INFO - [33mPress CTRL+C to quit[0m
2025-07-28 20:18:27,876 - werkzeug - INFO - 127.0.0.1 - - [28/Jul/2025 20:18:27] "GET / HTTP/1.1" 200 -
2025-07-28 20:51:47,662 - werkzeug - INFO - 127.0.0.1 - - [28/Jul/2025 20:51:47] "GET / HTTP/1.1" 200 -
2025-07-28 20:51:59,394 - data_processing.data_integration - INFO - Starting data integration pipeline...
2025-07-28 20:51:59,394 - data_processing.data_integration - INFO - Setting up database schema...
2025-07-28 20:51:59,399 - data_processing.data_integration - INFO - Database schema setup completed
2025-07-28 20:51:59,399 - data_processing.data_integration - INFO - Creating unified dataset...
2025-07-28 20:51:59,399 - data_processing.data_integration - INFO - Integrating FRED and scraping data...
2025-07-28 20:51:59,400 - data_processing.data_integration - WARNING - FRED data file not found, will collect fresh data
2025-07-28 20:51:59,400 - data_processing.data_integration - WARNING - Scraping data file not found: project-1-group-3-main/scraping/US_scraping.csv
2025-07-28 20:51:59,400 - data_processing.data_integration - WARNING - Scraping data file not found: project-1-group-3-main/scraping/Japan_scraping.csv
2025-07-28 20:51:59,400 - data_processing.data_integration - INFO - Integrating clustering and sentiment data...
2025-07-28 20:51:59,400 - data_processing.data_integration - WARNING - Combined data file not found
2025-07-28 20:51:59,400 - data_processing.data_integration - WARNING - Sentiment data file not found: project-2-group-3-main/datasets/new_news_data/us_news_sentiments.csv
2025-07-28 20:51:59,400 - data_processing.data_integration - WARNING - Sentiment data file not found: project-2-group-3-main/datasets/new_news_data/us_news.csv
2025-07-28 20:51:59,400 - data_processing.data_integration - INFO - Integrating classification and market data...
2025-07-28 20:51:59,400 - data_processing.data_integration - WARNING - Stock data file not found: project-3-group-3-main/datasets/stock_market/nikkei_225.csv
2025-07-28 20:51:59,401 - data_processing.data_integration - WARNING - Stock data file not found: project-3-group-3-main/datasets/stock_market/S&P_500.csv
2025-07-28 20:51:59,401 - data_processing.data_integration - INFO - Integrating regression and visualization data...
2025-07-28 20:51:59,401 - data_processing.data_integration - ERROR - No base data available for unification
2025-07-28 20:51:59,401 - data_processing.data_integration - ERROR - Data integration pipeline failed
2025-07-28 20:51:59,423 - api_dashboard.currency_prediction_system_simple - INFO - Starting Currency Prediction API...
2025-07-28 20:51:59,458 - werkzeug - INFO - [31m[1mWARNING: This is a development server. Do not use it in a production deployment. Use a production WSGI server instead.[0m
 * Running on all addresses (0.0.0.0)
 * Running on http://127.0.0.1:8080
 * Running on http://192.168.12.21:8080
2025-07-28 20:51:59,458 - werkzeug - INFO - [33mPress CTRL+C to quit[0m
2025-07-28 20:52:05,212 - werkzeug - INFO - 127.0.0.1 - - [28/Jul/2025 20:52:05] "GET / HTTP/1.1" 200 -
